\BOOKMARK [1][-]{section.1}{\376\377\000Q\000u\000i\000c\000k\000\040\000S\000t\000a\000r\000t}{}% 1
\BOOKMARK [1][-]{section.2}{\376\377\000D\000e\000t\000a\000i\000l\000s\000\040\000o\000f\000\040\000T\000h\000e\000o\000r\000i\000e\000s\000\040\000I\000m\000p\000l\000e\000m\000e\000n\000t\000e\000d}{}% 2
\BOOKMARK [2][-]{subsection.2.1}{\376\377\000P\000r\000e\000l\000i\000m\000i\000n\000a\000r\000i\000e\000s}{section.2}% 3
\BOOKMARK [3][-]{subsubsection.2.1.1}{\376\377\000T\000h\000e\000o\000r\000i\000e\000s\000\040\000o\000f\000\040\000E\000v\000a\000l}{subsection.2.1}% 4
\BOOKMARK [3][-]{subsubsection.2.1.2}{\376\377\000P\000e\000r\000c\000e\000p\000t\000r\000o\000n\000\040\000L\000e\000a\000r\000n\000i\000n\000g}{subsection.2.1}% 5
\BOOKMARK [2][-]{subsection.2.2}{\376\377\000U\000s\000e\000L\000i\000s\000t\000e\000d}{section.2}% 6
\BOOKMARK [2][-]{subsection.2.3}{\376\377\000L\000e\000x\000i\000c\000a\000l\000l\000y\000\040\000I\000n\000d\000e\000x\000e\000d\000\040\000C\000o\000n\000s\000t\000r\000a\000i\000n\000t\000s}{section.2}% 7
\BOOKMARK [2][-]{subsection.2.4}{\376\377\000U\000R\000-\000c\000o\000n\000s\000t\000r\000a\000i\000n\000t\000s}{section.2}% 8
\BOOKMARK [2][-]{subsection.2.5}{\376\377\000R\000e\000p\000r\000e\000s\000e\000n\000t\000a\000t\000i\000o\000n\000a\000l\000\040\000S\000t\000r\000e\000n\000g\000t\000h\000\040\000T\000h\000e\000o\000r\000y}{section.2}% 9
\BOOKMARK [2][-]{subsection.2.6}{\376\377\000G\000r\000a\000d\000i\000e\000n\000t\000\040\000S\000y\000m\000b\000o\000l\000i\000c\000\040\000R\000e\000p\000r\000e\000s\000e\000n\000t\000a\000t\000i\000o\000n\000s}{section.2}% 10
\BOOKMARK [1][-]{section.3}{\376\377\000S\000u\000p\000p\000l\000e\000m\000e\000n\000t\000a\000r\000y\000\040\000d\000e\000t\000a\000i\000l\000s}{}% 11
\BOOKMARK [2][-]{subsection.3.1}{\376\377\000H\000o\000w\000\040\000T\000a\000b\000l\000e\000a\000u\000x\000\040\000a\000r\000e\000\040\000c\000o\000n\000s\000t\000r\000u\000c\000t\000e\000d}{section.3}% 12
\BOOKMARK [2][-]{subsection.3.2}{\376\377\000D\000e\000a\000l\000i\000n\000g\000\040\000w\000i\000t\000h\000\040\000h\000i\000d\000d\000e\000n\000\040\000S\000t\000r\000u\000c\000t\000u\000r\000e}{section.3}% 13
\BOOKMARK [2][-]{subsection.3.3}{\376\377\000S\000i\000m\000u\000l\000a\000t\000i\000n\000g\000\040\000G\000e\000n}{section.3}% 14
\BOOKMARK [2][-]{subsection.3.4}{\376\377\000A\000p\000p\000l\000y\000i\000n\000g\000\040\000c\000o\000n\000s\000t\000r\000a\000i\000n\000t\000s}{section.3}% 15
\BOOKMARK [1][-]{section.4}{\376\377\000I\000n\000p\000u\000t\000\040\000f\000i\000l\000e\000\040\000d\000e\000t\000a\000i\000l\000s}{}% 16
\BOOKMARK [2][-]{subsection.4.1}{\376\377\000T\000h\000e\000\040\000i\000n\000p\000u\000t\000\040\000f\000i\000l\000e}{section.4}% 17
\BOOKMARK [2][-]{subsection.4.2}{\376\377\000T\000h\000e\000\040\000c\000o\000n\000f\000i\000g\000.\000g\000l\000\040\000f\000i\000l\000e}{section.4}% 18
\BOOKMARK [1][-]{section.5}{\376\377\000C\000l\000a\000s\000s\000e\000s\000\040\000a\000n\000d\000\040\000M\000e\000t\000h\000o\000d\000s}{}% 19
\BOOKMARK [1][-]{section.6}{\376\377\000F\000i\000l\000e\000s\000\040\000t\000h\000a\000t\000\040\000s\000h\000o\000u\000l\000d\000\040\000c\000o\000m\000e\000\040\000w\000i\000t\000h\000\040\000t\000h\000i\000s\000\040\000m\000a\000n\000u\000a\000l}{}% 20
